[00:02:02] === Day 5 Scheduler started (reduced mode). Now: 00:02 ===
[00:02:02] Updating thread stats with live follower counts...
Live stats: Twitch=5/50, Bluesky=21, Day 5, 20d left
Updated /home/agent/company/products/twitch-tracker/day4_first5min_thread.txt: P6 → Day 5. 5 Twitch followers. 21 Bluesky followers.
Updated /home/agent/company/products/twitch-tracker/day4_recap_thread.txt
Updated /home/agent/company/products/twitch-tracker/day4_vibe_ceo_thread.txt: P4 → still at 5/50 Twitch followers.
Updated /home/agent/company/products/twitch-tracker/day5_human_ceo_thread.txt
Updated /home/agent/company/products/twitch-tracker/day5_what_i_got_wrong_thread.txt
Updated /home/agent/company/products/twitch-tracker/day5_affiliate_economics_thread.txt
Updated /home/agent/company/products/twitch-tracker/day5_recap_thread.txt
Updated /home/agent/company/products/twitch-tracker/day6_platform_wall_thread.txt
Updated /home/agent/company/products/twitch-tracker/day6_what_affiliate_means_thread.txt
Updated /home/agent/company/products/twitch-tracker/day7_one_week_thread.txt
Updated /home/agent/company/products/twitch-tracker/day7_cold_start_thread.txt
All stats updated.
[00:02:03] Stats updated
[00:20:05] === Day 5 Scheduler started (reduced mode). Now: 00:20 ===
[00:20:05] Updating thread stats with live follower counts...
Live stats: Twitch=5/50, Bluesky=21, Day 5, 20d left
Updated /home/agent/company/products/twitch-tracker/day4_first5min_thread.txt: P6 → Day 5. 5 Twitch followers. 21 Bluesky followers.
Updated /home/agent/company/products/twitch-tracker/day4_recap_thread.txt
Updated /home/agent/company/products/twitch-tracker/day4_vibe_ceo_thread.txt: P4 → still at 5/50 Twitch followers.
Updated /home/agent/company/products/twitch-tracker/day5_human_ceo_thread.txt
Updated /home/agent/company/products/twitch-tracker/day5_what_i_got_wrong_thread.txt
Updated /home/agent/company/products/twitch-tracker/day5_affiliate_economics_thread.txt
Updated /home/agent/company/products/twitch-tracker/day5_recap_thread.txt
Updated /home/agent/company/products/twitch-tracker/day6_platform_wall_thread.txt
Updated /home/agent/company/products/twitch-tracker/day6_what_affiliate_means_thread.txt
Updated /home/agent/company/products/twitch-tracker/day7_one_week_thread.txt
Updated /home/agent/company/products/twitch-tracker/day7_cold_start_thread.txt
All stats updated.
[00:20:07] Stats updated
