[2026-03-08T19:02:55+00:00] WARNING: status.md does not exist
[2026-03-08T19:18:08+00:00] WARNING: status.md does not exist
[2026-03-08T19:33:25+00:00] WARNING: status.md does not exist
[2026-03-08T19:48:38+00:00] WARNING: status.md does not exist
[2026-03-08T20:03:39+00:00] WARNING: status.md does not exist
[2026-03-08T20:18:40+00:00] WARNING: status.md does not exist
[2026-03-08T20:33:41+00:00] WARNING: status.md does not exist
[2026-03-08T20:48:53+00:00] WARNING: status.md does not exist
[2026-03-08T21:04:04+00:00] WARNING: status.md does not exist
[2026-03-08T21:19:05+00:00] WARNING: status.md does not exist
[2026-03-08T21:34:29+00:00] WARNING: status.md does not exist
[2026-03-08T21:49:39+00:00] WARNING: status.md does not exist
[2026-03-08T22:04:42+00:00] WARNING: status.md does not exist
[2026-03-08T22:19:49+00:00] WARNING: status.md does not exist
[2026-03-08T22:34:50+00:00] WARNING: status.md does not exist
[2026-03-08T22:49:52+00:00] WARNING: status.md does not exist
[2026-03-08T23:04:59+00:00] OK
[2026-03-08T23:20:12+00:00] OK
[2026-03-09T00:05:59+00:00] OK
[2026-03-09T00:21:07+00:00] OK
[2026-03-09T00:36:09+00:00] OK
[2026-03-09T00:51:11+00:00] OK
[2026-03-09T01:06:22+00:00] OK
[2026-03-09T01:21:39+00:00] UNHEALTHY: tmux session 'company' not found
[2026-03-09T01:21:39+00:00] UNHEALTHY: agent-loop service not active
[2026-03-09T01:36:49+00:00] UNHEALTHY: tmux session 'company' not found
[2026-03-09T01:36:49+00:00] UNHEALTHY: agent-loop service not active
[2026-03-09T01:51:59+00:00] UNHEALTHY: tmux session 'company' not found
[2026-03-09T01:51:59+00:00] UNHEALTHY: agent-loop service not active
[2026-03-09T02:07:03+00:00] UNHEALTHY: tmux session 'company' not found
[2026-03-09T02:07:03+00:00] UNHEALTHY: agent-loop service not active
[2026-03-09T02:22:03+00:00] UNHEALTHY: tmux session 'company' not found
[2026-03-09T02:22:03+00:00] UNHEALTHY: agent-loop service not active
[2026-03-09T02:37:03+00:00] UNHEALTHY: tmux session 'company' not found
[2026-03-09T02:37:03+00:00] UNHEALTHY: agent-loop service not active
[2026-03-09T02:52:07+00:00] UNHEALTHY: tmux session 'company' not found
[2026-03-09T02:52:07+00:00] UNHEALTHY: agent-loop service not active
[2026-03-09T03:07:39+00:00] UNHEALTHY: tmux session 'company' not found
[2026-03-09T03:07:39+00:00] UNHEALTHY: agent-loop service not active
[2026-03-09T03:22:39+00:00] UNHEALTHY: tmux session 'company' not found
[2026-03-09T03:22:39+00:00] UNHEALTHY: agent-loop service not active
[2026-03-09T03:38:09+00:00] UNHEALTHY: tmux session 'company' not found
[2026-03-09T03:38:09+00:00] UNHEALTHY: agent-loop service not active
[2026-03-09T03:53:19+00:00] UNHEALTHY: tmux session 'company' not found
[2026-03-09T03:53:19+00:00] UNHEALTHY: agent-loop service not active
[2026-03-09T04:08:33+00:00] UNHEALTHY: tmux session 'company' not found
[2026-03-09T04:08:33+00:00] UNHEALTHY: agent-loop service not active
[2026-03-09T04:23:39+00:00] UNHEALTHY: tmux session 'company' not found
[2026-03-09T04:23:39+00:00] UNHEALTHY: agent-loop service not active
[2026-03-09T04:39:05+00:00] UNHEALTHY: tmux session 'company' not found
[2026-03-09T04:39:05+00:00] UNHEALTHY: agent-loop service not active
[2026-03-09T04:54:19+00:00] UNHEALTHY: tmux session 'company' not found
[2026-03-09T04:54:19+00:00] UNHEALTHY: agent-loop service not active
[2026-03-09T05:09:32+00:00] UNHEALTHY: tmux session 'company' not found
[2026-03-09T05:09:32+00:00] UNHEALTHY: agent-loop service not active
[2026-03-09T05:24:39+00:00] UNHEALTHY: tmux session 'company' not found
[2026-03-09T05:24:39+00:00] UNHEALTHY: agent-loop service not active
[2026-03-09T05:39:52+00:00] UNHEALTHY: tmux session 'company' not found
[2026-03-09T05:39:52+00:00] UNHEALTHY: agent-loop service not active
[2026-03-09T05:55:10+00:00] UNHEALTHY: tmux session 'company' not found
[2026-03-09T05:55:10+00:00] UNHEALTHY: agent-loop service not active
[2026-03-09T06:10:25+00:00] UNHEALTHY: tmux session 'company' not found
[2026-03-09T06:10:25+00:00] UNHEALTHY: agent-loop service not active
[2026-03-09T06:25:37+00:00] UNHEALTHY: tmux session 'company' not found
[2026-03-09T06:25:37+00:00] UNHEALTHY: agent-loop service not active
[2026-03-09T06:40:39+00:00] UNHEALTHY: tmux session 'company' not found
[2026-03-09T06:40:39+00:00] UNHEALTHY: agent-loop service not active
[2026-03-09T06:55:52+00:00] UNHEALTHY: tmux session 'company' not found
[2026-03-09T06:55:52+00:00] UNHEALTHY: agent-loop service not active
[2026-03-09T07:10:54+00:00] UNHEALTHY: tmux session 'company' not found
[2026-03-09T07:10:54+00:00] WARNING: status.md not updated in 6h
[2026-03-09T07:10:54+00:00] UNHEALTHY: agent-loop service not active
[2026-03-09T07:26:19+00:00] UNHEALTHY: tmux session 'company' not found
[2026-03-09T07:26:19+00:00] WARNING: status.md not updated in 6h
[2026-03-09T07:26:19+00:00] UNHEALTHY: agent-loop service not active
[2026-03-09T07:41:29+00:00] UNHEALTHY: tmux session 'company' not found
[2026-03-09T07:41:29+00:00] WARNING: status.md not updated in 6h
[2026-03-09T07:41:29+00:00] UNHEALTHY: agent-loop service not active
[2026-03-09T07:56:33+00:00] UNHEALTHY: tmux session 'company' not found
[2026-03-09T07:56:33+00:00] WARNING: status.md not updated in 6h
[2026-03-09T07:56:33+00:00] UNHEALTHY: agent-loop service not active
[2026-03-09T08:11:39+00:00] UNHEALTHY: tmux session 'company' not found
[2026-03-09T08:11:39+00:00] WARNING: status.md not updated in 7h
[2026-03-09T08:11:39+00:00] UNHEALTHY: agent-loop service not active
[2026-03-09T08:26:44+00:00] UNHEALTHY: tmux session 'company' not found
[2026-03-09T08:26:44+00:00] WARNING: status.md not updated in 7h
[2026-03-09T08:26:44+00:00] UNHEALTHY: agent-loop service not active
[2026-03-09T08:41:59+00:00] UNHEALTHY: tmux session 'company' not found
[2026-03-09T08:41:59+00:00] WARNING: status.md not updated in 7h
[2026-03-09T08:41:59+00:00] UNHEALTHY: agent-loop service not active
[2026-03-09T08:57:09+00:00] UNHEALTHY: tmux session 'company' not found
[2026-03-09T08:57:09+00:00] WARNING: status.md not updated in 7h
[2026-03-09T08:57:09+00:00] UNHEALTHY: agent-loop service not active
[2026-03-09T09:12:19+00:00] UNHEALTHY: tmux session 'company' not found
[2026-03-09T09:12:19+00:00] WARNING: status.md not updated in 8h
[2026-03-09T09:12:19+00:00] UNHEALTHY: agent-loop service not active
[2026-03-09T09:27:29+00:00] UNHEALTHY: tmux session 'company' not found
[2026-03-09T09:27:29+00:00] WARNING: status.md not updated in 8h
[2026-03-09T09:27:29+00:00] UNHEALTHY: agent-loop service not active
[2026-03-09T09:42:39+00:00] UNHEALTHY: tmux session 'company' not found
[2026-03-09T09:42:39+00:00] WARNING: status.md not updated in 8h
[2026-03-09T09:42:39+00:00] UNHEALTHY: agent-loop service not active
[2026-03-09T09:57:49+00:00] UNHEALTHY: tmux session 'company' not found
[2026-03-09T09:57:49+00:00] WARNING: status.md not updated in 8h
[2026-03-09T09:57:49+00:00] UNHEALTHY: agent-loop service not active
[2026-03-09T10:12:59+00:00] UNHEALTHY: tmux session 'company' not found
[2026-03-09T10:12:59+00:00] WARNING: status.md not updated in 9h
[2026-03-09T10:12:59+00:00] UNHEALTHY: agent-loop service not active
[2026-03-09T10:28:03+00:00] UNHEALTHY: tmux session 'company' not found
[2026-03-09T10:28:03+00:00] WARNING: status.md not updated in 9h
[2026-03-09T10:28:03+00:00] UNHEALTHY: agent-loop service not active
[2026-03-09T10:43:06+00:00] OK
[2026-03-09T10:58:22+00:00] OK
[2026-03-09T11:13:35+00:00] OK
[2026-03-09T11:28:35+00:00] OK
[2026-03-09T11:43:39+00:00] OK
[2026-03-09T11:58:51+00:00] OK
[2026-03-09T12:14:09+00:00] OK
[2026-03-09T12:29:19+00:00] OK
[2026-03-09T12:44:32+00:00] OK
[2026-03-09T12:59:32+00:00] OK
[2026-03-09T13:14:33+00:00] OK
[2026-03-09T13:29:39+00:00] OK
[2026-03-09T13:44:49+00:00] OK
[2026-03-09T13:59:59+00:00] OK
[2026-03-09T14:15:09+00:00] OK
[2026-03-09T14:30:12+00:00] OK
[2026-03-09T14:45:12+00:00] OK
[2026-03-09T15:00:15+00:00] OK
[2026-03-09T15:15:34+00:00] OK
[2026-03-09T15:30:39+00:00] OK
[2026-03-09T15:45:41+00:00] OK
[2026-03-09T16:00:45+00:00] OK
[2026-03-09T16:16:02+00:00] OK
[2026-03-09T16:31:02+00:00] OK
[2026-03-09T16:46:36+00:00] OK
[2026-03-09T17:01:39+00:00] OK
[2026-03-09T17:16:59+00:00] OK
[2026-03-09T17:32:02+00:00] OK
[2026-03-09T17:47:09+00:00] OK
[2026-03-09T18:02:12+00:00] OK
[2026-03-09T18:17:23+00:00] OK
[2026-03-09T18:32:29+00:00] OK
[2026-03-09T18:47:32+00:00] OK
[2026-03-09T19:02:32+00:00] OK
[2026-03-09T19:17:33+00:00] OK
[2026-03-09T19:32:39+00:00] OK
[2026-03-09T19:47:46+00:00] OK
[2026-03-09T20:02:54+00:00] OK
[2026-03-09T20:17:56+00:00] OK
[2026-03-09T20:32:57+00:00] OK
[2026-03-09T20:48:30+00:00] OK
[2026-03-09T21:03:39+00:00] OK
[2026-03-09T21:18:49+00:00] OK
[2026-03-09T21:33:49+00:00] OK
[2026-03-09T21:48:58+00:00] OK
[2026-03-09T22:04:00+00:00] OK
[2026-03-09T22:19:00+00:00] OK
[2026-03-09T22:34:00+00:00] OK
[2026-03-09T22:49:03+00:00] OK
[2026-03-09T23:04:10+00:00] OK
